TN:
SF:src/App.jsx
FN:5,(anonymous_0)
FNF:1
FNH:0
FNDA:0,(anonymous_0)
DA:5,0
DA:6,0
LF:2
LH:0
BRF:0
BRH:0
end_of_record
TN:
SF:src/main.jsx
FNF:0
FNH:0
DA:7,0
DA:8,0
DA:10,0
LF:3
LH:0
BRF:0
BRH:0
end_of_record
TN:
SF:src/components/CourseCard.jsx
FN:3,(anonymous_0)
FN:10,(anonymous_1)
FN:11,(anonymous_2)
FNF:3
FNH:3
FNDA:13,(anonymous_0)
FNDA:1,(anonymous_1)
FNDA:2,(anonymous_2)
DA:3,2
DA:4,13
DA:10,1
DA:11,2
LF:4
LH:4
BRF:0
BRH:0
end_of_record
TN:
SF:src/components/CourseForm.jsx
FN:3,(anonymous_0)
FN:6,(anonymous_1)
FN:10,(anonymous_2)
FN:15,(anonymous_3)
FNF:4
FNH:4
FNDA:20,(anonymous_0)
FNDA:5,(anonymous_1)
FNDA:6,(anonymous_2)
FNDA:2,(anonymous_3)
DA:3,2
DA:4,20
DA:6,20
DA:7,5
DA:10,20
DA:11,6
DA:12,6
DA:15,20
DA:16,2
DA:17,2
DA:20,20
LF:11
LH:11
BRDA:4,0,0,20
BRDA:4,0,1,19
BRDA:7,1,0,5
BRDA:7,1,1,4
BRF:4
BRH:4
end_of_record
TN:
SF:src/components/CourseList.jsx
FN:6,(anonymous_0)
FN:10,(anonymous_1)
FN:14,(anonymous_2)
FN:19,(anonymous_3)
FN:29,(anonymous_4)
FN:33,(anonymous_5)
FN:42,(anonymous_6)
FNF:7
FNH:6
FNDA:8,(anonymous_0)
FNDA:3,(anonymous_1)
FNDA:5,(anonymous_2)
FNDA:1,(anonymous_3)
FNDA:0,(anonymous_4)
FNDA:1,(anonymous_5)
FNDA:10,(anonymous_6)
DA:6,1
DA:7,8
DA:8,8
DA:10,8
DA:11,3
DA:14,8
DA:15,5
DA:16,5
DA:19,8
DA:20,1
DA:21,0
DA:23,1
DA:25,1
DA:26,1
DA:29,8
DA:30,0
DA:33,8
DA:34,1
DA:35,1
DA:38,8
DA:43,10
LF:21
LH:19
BRDA:20,0,0,0
BRDA:20,0,1,1
BRF:2
BRH:1
end_of_record
TN:
SF:src/services/courseService.js
FN:5,(anonymous_0)
FN:10,(anonymous_1)
FN:15,(anonymous_2)
FN:20,(anonymous_3)
FNF:4
FNH:4
FNDA:2,(anonymous_0)
FNDA:2,(anonymous_1)
FNDA:2,(anonymous_2)
FNDA:2,(anonymous_3)
DA:3,2
DA:5,2
DA:6,2
DA:7,1
DA:10,2
DA:11,2
DA:12,1
DA:15,2
DA:16,2
DA:17,1
DA:20,2
DA:21,2
DA:22,1
LF:13
LH:13
BRF:0
BRH:0
end_of_record
